c:\users\user\desktop\it-programmingcentre\c++ (vs model)\cryptosystem-b-1\cryptosystem-b-1\release\cryptosystem-b-1.pch
c:\users\user\desktop\it-programmingcentre\c++ (vs model)\cryptosystem-b-1\cryptosystem-b-1\release\vc141.pdb
c:\users\user\desktop\it-programmingcentre\c++ (vs model)\cryptosystem-b-1\cryptosystem-b-1\release\pch.obj
c:\users\user\desktop\it-programmingcentre\c++ (vs model)\cryptosystem-b-1\cryptosystem-b-1\release\cryptosystem-b-1.obj
c:\users\user\desktop\it-programmingcentre\c++ (vs model)\cryptosystem-b-1\release\cryptosystem-b-1.ipdb
c:\users\user\desktop\it-programmingcentre\c++ (vs model)\cryptosystem-b-1\release\cryptosystem-b-1.iobj
c:\users\user\desktop\it-programmingcentre\c++ (vs model)\cryptosystem-b-1\release\cryptosystem-b-1.exe
c:\users\user\desktop\it-programmingcentre\c++ (vs model)\cryptosystem-b-1\release\cryptosystem-b-1.pdb
d:\c++ (vs model)\cryptosystem-b-1\cryptosystem-b-1\release\cryptosystem-b-1.obj
d:\c++ (vs model)\cryptosystem-b-1\cryptosystem-b-1\release\pch.obj
d:\c++ (vs model)\cryptosystem-b-1\cryptosystem-b-1\release\cryptosystem-b-1.pch
d:\c++ (vs model)\cryptosystem-b-1\cryptosystem-b-1\release\vc141.pdb
d:\c++ (vs model)\cryptosystem-b-1\release\cryptosystem-b-1.pdb
d:\c++ (vs model)\cryptosystem-b-1\release\cryptosystem-b-1.exe
d:\c++ (vs model)\cryptosystem-b-1\cryptosystem-b-1\release\cryptosystem-b-1.tlog\cl.command.1.tlog
d:\c++ (vs model)\cryptosystem-b-1\cryptosystem-b-1\release\cryptosystem-b-1.tlog\cl.read.1.tlog
d:\c++ (vs model)\cryptosystem-b-1\cryptosystem-b-1\release\cryptosystem-b-1.tlog\cl.write.1.tlog
d:\c++ (vs model)\cryptosystem-b-1\cryptosystem-b-1\release\cryptosystem-b-1.tlog\cryptosystem-b-1.write.1u.tlog
d:\c++ (vs model)\cryptosystem-b-1\cryptosystem-b-1\release\cryptosystem-b-1.tlog\link.command.1.tlog
d:\c++ (vs model)\cryptosystem-b-1\cryptosystem-b-1\release\cryptosystem-b-1.tlog\link.read.1.tlog
d:\c++ (vs model)\cryptosystem-b-1\cryptosystem-b-1\release\cryptosystem-b-1.tlog\link.write.1.tlog
